<?xml version="1.0" encoding="UTF-8"?>
<beans xmlns="http://www.springframework.org/schema/beans"
	xmlns:xsi="http://www.w3.org/2001/XMLSchema-instance"
	xsi:schemaLocation="http://www.springframework.org/schema/beans http://www.springframework.org/schema/beans/spring-beans.xsd">


	<!-- Resolve views based on bean names (optional) -->
	<bean class="org.springframework.web.servlet.view.BeanNameViewResolver" />

	<!-- json view, capable of converting any POJO to json format -->
	<bean id="jsonView"
		class="org.springframework.web.servlet.view.json.MappingJacksonJsonView" />

</beans>
